빌드 시작: 2015-12-13 오후 9:30:20
     1>2 노드의 "C:\Users\이호정\Google 드라이브\SMU\6학기\프로그래밍개론\실습소스\기말고사준비하는파일입출력진짜\기말고사준비하는파일입출력진짜.vcxproj" 프로젝트(build 대상)입니다.
     1>InitializeBuildStatus:
         "AlwaysCreate"이(가) 지정되었기 때문에 "Debug\기말고사준비하는파일입출력진짜.unsuccessfulbuild"을(를) 만들고 있습니다.
       ClCompile:
         C:\Program Files (x86)\Microsoft Visual Studio 10.0\VC\bin\CL.exe /c /ZI /nologo /W3 /WX- /Od /Oy- /D WIN32 /D _DEBUG /D _CONSOLE /D _UNICODE /D UNICODE /Gm /EHsc /RTC1 /MDd /GS /fp:precise /Zc:wchar_t /Zc:forScope /Fo"Debug\\" /Fd"Debug\vc100.pdb" /Gd /TC /analyze- /errorReport:prompt FileIOTest.c
         FileIOTest.c
     1>c:\users\이호정\google 드라이브\smu\6학기\프로그래밍개론\실습소스\기말고사준비하는파일입출력진짜\fileiotest.c(13): warning C4996: 'fopen': This function or variable may be unsafe. Consider using fopen_s instead. To disable deprecation, use _CRT_SECURE_NO_WARNINGS. See online help for details.
                 c:\program files (x86)\microsoft visual studio 10.0\vc\include\stdio.h(234) : 'fopen' 선언을 참조하십시오.
     1>c:\users\이호정\google 드라이브\smu\6학기\프로그래밍개론\실습소스\기말고사준비하는파일입출력진짜\fileiotest.c(19): warning C4996: 'fopen': This function or variable may be unsafe. Consider using fopen_s instead. To disable deprecation, use _CRT_SECURE_NO_WARNINGS. See online help for details.
                 c:\program files (x86)\microsoft visual studio 10.0\vc\include\stdio.h(234) : 'fopen' 선언을 참조하십시오.
       ManifestResourceCompile:
         모든 출력이 최신 상태입니다.
       Link:
         C:\Program Files (x86)\Microsoft Visual Studio 10.0\VC\bin\link.exe /ERRORREPORT:PROMPT /OUT:"C:\Users\이호정\Google 드라이브\SMU\6학기\프로그래밍개론\실습소스\기말고사준비하는파일입출력진짜\Debug\기말고사준비하는파일입출력진짜.exe" /INCREMENTAL /NOLOGO kernel32.lib user32.lib gdi32.lib winspool.lib comdlg32.lib advapi32.lib shell32.lib ole32.lib oleaut32.lib uuid.lib odbc32.lib odbccp32.lib /MANIFEST /ManifestFile:"Debug\기말고사준비하는파일입출력진짜.exe.intermediate.manifest" /MANIFESTUAC:"level='asInvoker' uiAccess='false'" /DEBUG /PDB:"C:\Users\이호정\Google 드라이브\SMU\6학기\프로그래밍개론\실습소스\기말고사준비하는파일입출력진짜\Debug\기말고사준비하는파일입출력진짜.pdb" /SUBSYSTEM:CONSOLE /TLBID:1 /DYNAMICBASE /NXCOMPAT /IMPLIB:"C:\Users\이호정\Google 드라이브\SMU\6학기\프로그래밍개론\실습소스\기말고사준비하는파일입출력진짜\Debug\기말고사준비하는파일입출력진짜.lib" /MACHINE:X86 "Debug\기말고사준비하는파일입출력진짜.exe.embed.manifest.res"
         Debug\FileIOTest.obj
       Manifest:
         C:\Program Files (x86)\Microsoft SDKs\Windows\v7.0A\bin\mt.exe /nologo /verbose /out:"Debug\기말고사준비하는파일입출력진짜.exe.embed.manifest" /manifest "Debug\기말고사준비하는파일입출력진짜.exe.intermediate.manifest"
         모든 출력이 최신 상태입니다.
       LinkEmbedManifest:
         모든 출력이 최신 상태입니다.
         기말고사준비하는파일입출력진짜.vcxproj -> C:\Users\이호정\Google 드라이브\SMU\6학기\프로그래밍개론\실습소스\기말고사준비하는파일입출력진짜\Debug\기말고사준비하는파일입출력진짜.exe
       FinalizeBuildStatus:
         "Debug\기말고사준비하는파일입출력진짜.unsuccessfulbuild" 파일을 삭제하고 있습니다.
         "Debug\기말고사준비하는파일입출력진짜.lastbuildstate"에 연결(touching)하고 있습니다.
     1>"C:\Users\이호정\Google 드라이브\SMU\6학기\프로그래밍개론\실습소스\기말고사준비하는파일입출력진짜\기말고사준비하는파일입출력진짜.vcxproj" 프로젝트를 빌드했습니다(build 대상).

빌드했습니다.

경과 시간: 00:00:01.03
